# JRE version: OpenJDK Runtime Environment Temurin-17.0.11+9 (17.0.11+9) (build 17.0.11+9)
# Java VM: OpenJDK 64-Bit Server VM Temurin-17.0.11+9 (17.0.11+9, mixed mode, emulated-client, tiered, compressed oops, compressed class ptrs, g1 gc, windows-amd64)
GC Precious Log:
 CPUs: 12 total, 12 available
 Memory: 14177M
 Large Page Support: Disabled
 NUMA Support: Disabled
 Compressed Oops: Enabled (32-bit)
 Heap Region Size: 1M
 Heap Min Capacity: 8M
 Heap Initial Capacity: 222M
 Heap Max Capacity: 1G
 Pre-touch: Disabled
 Parallel Workers: 10
 Concurrent Workers: 3
 Concurrent Refinement Workers: 10
 Periodic GC: Disabled
Heap:
 garbage-first heap   total 98304K, used 39032K [0x00000000c0000000, 0x0000000100000000)
  region size 1024K, 1 young (1024K), 0 survivors (0K)
 Metaspace       used 63618K, committed 64128K, reserved 1114112K
  class space    used 7823K, committed 8064K, reserved 1048576K
GC Heap History (20 events):
Event: 173003.766 GC heap before
{Heap before GC invocations=6080 (full 5938):
 garbage-first heap   total 98304K, used 39032K [0x00000000c0000000, 0x0000000100000000)
  region size 1024K, 1 young (1024K), 0 survivors (0K)
 Metaspace       used 63618K, committed 64128K, reserved 1114112K
  class space    used 7823K, committed 8064K, reserved 1048576K
}
Event: 173003.827 GC heap after
{Heap after GC invocations=6081 (full 5939):
 garbage-first heap   total 98304K, used 39032K [0x00000000c0000000, 0x0000000100000000)
  region size 1024K, 0 young (0K), 0 survivors (0K)
 Metaspace       used 63618K, committed 64128K, reserved 1114112K
  class space    used 7823K, committed 8064K, reserved 1048576K
}
Event: 173014.024 GC heap before
{Heap before GC invocations=6081 (full 5939):
 garbage-first heap   total 98304K, used 39032K [0x00000000c0000000, 0x0000000100000000)
  region size 1024K, 1 young (1024K), 0 survivors (0K)
 Metaspace       used 63618K, committed 64128K, reserved 1114112K
  class space    used 7823K, committed 8064K, reserved 1048576K
}
Event: 173014.088 GC heap after
{Heap after GC invocations=6082 (full 5940):
 garbage-first heap   total 98304K, used 39032K [0x00000000c0000000, 0x0000000100000000)
  region size 1024K, 0 young (0K), 0 survivors (0K)
 Metaspace       used 63618K, committed 64128K, reserved 1114112K
  class space    used 7823K, committed 8064K, reserved 1048576K
}
Event: 173024.466 GC heap before
{Heap before GC invocations=6082 (full 5940):
 garbage-first heap   total 98304K, used 39032K [0x00000000c0000000, 0x0000000100000000)
  region size 1024K, 1 young (1024K), 0 survivors (0K)
 Metaspace       used 63618K, committed 64128K, reserved 1114112K
  class space    used 7823K, committed 8064K, reserved 1048576K
}
Event: 173024.546 GC heap after
{Heap after GC invocations=6083 (full 5941):
 garbage-first heap   total 98304K, used 39032K [0x00000000c0000000, 0x0000000100000000)
  region size 1024K, 0 young (0K), 0 survivors (0K)
 Metaspace       used 63618K, committed 64128K, reserved 1114112K
  class space    used 7823K, committed 8064K, reserved 1048576K
}
Event: 173034.775 GC heap before
{Heap before GC invocations=6083 (full 5941):
 garbage-first heap   total 98304K, used 39032K [0x00000000c0000000, 0x0000000100000000)
  region size 1024K, 1 young (1024K), 0 survivors (0K)
 Metaspace       used 63618K, committed 64128K, reserved 1114112K
  class space    used 7823K, committed 8064K, reserved 1048576K
}
Event: 173034.839 GC heap after
{Heap after GC invocations=6084 (full 5942):
 garbage-first heap   total 98304K, used 39032K [0x00000000c0000000, 0x0000000100000000)
  region size 1024K, 0 young (0K), 0 survivors (0K)
 Metaspace       used 63618K, committed 64128K, reserved 1114112K
  class space    used 7823K, committed 8064K, reserved 1048576K
}
Event: 173045.040 GC heap before
{Heap before GC invocations=6084 (full 5942):
 garbage-first heap   total 98304K, used 39032K [0x00000000c0000000, 0x0000000100000000)
  region size 1024K, 1 young (1024K), 0 survivors (0K)
 Metaspace       used 63618K, committed 64128K, reserved 1114112K
  class space    used 7823K, committed 8064K, reserved 1048576K
}
Event: 173045.101 GC heap after
{Heap after GC invocations=6085 (full 5943):
 garbage-first heap   total 98304K, used 39032K [0x00000000c0000000, 0x0000000100000000)
  region size 1024K, 0 young (0K), 0 survivors (0K)
 Metaspace       used 63618K, committed 64128K, reserved 1114112K
  class space    used 7823K, committed 8064K, reserved 1048576K
}
Event: 173055.331 GC heap before
{Heap before GC invocations=6085 (full 5943):
 garbage-first heap   total 98304K, used 39032K [0x00000000c0000000, 0x0000000100000000)
  region size 1024K, 1 young (1024K), 0 survivors (0K)
 Metaspace       used 63618K, committed 64128K, reserved 1114112K
  class space    used 7823K, committed 8064K, reserved 1048576K
}
Event: 173055.392 GC heap after
{Heap after GC invocations=6086 (full 5944):
 garbage-first heap   total 98304K, used 39032K [0x00000000c0000000, 0x0000000100000000)
  region size 1024K, 0 young (0K), 0 survivors (0K)
 Metaspace       used 63618K, committed 64128K, reserved 1114112K
  class space    used 7823K, committed 8064K, reserved 1048576K
}
Event: 173065.607 GC heap before
{Heap before GC invocations=6086 (full 5944):
 garbage-first heap   total 98304K, used 39032K [0x00000000c0000000, 0x0000000100000000)
  region size 1024K, 1 young (1024K), 0 survivors (0K)
 Metaspace       used 63618K, committed 64128K, reserved 1114112K
  class space    used 7823K, committed 8064K, reserved 1048576K
}
Event: 173065.675 GC heap after
{Heap after GC invocations=6087 (full 5945):
 garbage-first heap   total 98304K, used 39032K [0x00000000c0000000, 0x0000000100000000)
  region size 1024K, 0 young (0K), 0 survivors (0K)
 Metaspace       used 63618K, committed 64128K, reserved 1114112K
  class space    used 7823K, committed 8064K, reserved 1048576K
}
Event: 173075.961 GC heap before
{Heap before GC invocations=6087 (full 5945):
 garbage-first heap   total 98304K, used 39032K [0x00000000c0000000, 0x0000000100000000)
  region size 1024K, 1 young (1024K), 0 survivors (0K)
 Metaspace       used 63618K, committed 64128K, reserved 1114112K
  class space    used 7823K, committed 8064K, reserved 1048576K
}
Event: 173076.043 GC heap after
{Heap after GC invocations=6088 (full 5946):
 garbage-first heap   total 98304K, used 39032K [0x00000000c0000000, 0x0000000100000000)
  region size 1024K, 0 young (0K), 0 survivors (0K)
 Metaspace       used 63618K, committed 64128K, reserved 1114112K
  class space    used 7823K, committed 8064K, reserved 1048576K
}
Event: 173086.237 GC heap before
{Heap before GC invocations=6088 (full 5946):
 garbage-first heap   total 98304K, used 39032K [0x00000000c0000000, 0x0000000100000000)
  region size 1024K, 1 young (1024K), 0 survivors (0K)
 Metaspace       used 63618K, committed 64128K, reserved 1114112K
  class space    used 7823K, committed 8064K, reserved 1048576K
}
Event: 173086.299 GC heap after
{Heap after GC invocations=6089 (full 5947):
 garbage-first heap   total 98304K, used 39032K [0x00000000c0000000, 0x0000000100000000)
  region size 1024K, 0 young (0K), 0 survivors (0K)
 Metaspace       used 63618K, committed 64128K, reserved 1114112K
  class space    used 7823K, committed 8064K, reserved 1048576K
}
Event: 173096.506 GC heap before
{Heap before GC invocations=6089 (full 5947):
 garbage-first heap   total 98304K, used 39032K [0x00000000c0000000, 0x0000000100000000)
  region size 1024K, 1 young (1024K), 0 survivors (0K)
 Metaspace       used 63618K, committed 64128K, reserved 1114112K
  class space    used 7823K, committed 8064K, reserved 1048576K
}
Event: 173096.569 GC heap after
{Heap after GC invocations=6090 (full 5948):
 garbage-first heap   total 98304K, used 39032K [0x00000000c0000000, 0x0000000100000000)
  region size 1024K, 0 young (0K), 0 survivors (0K)
 Metaspace       used 63618K, committed 64128K, reserved 1114112K
  class space    used 7823K, committed 8064K, reserved 1048576K
}

